<?xml version="1.0" encoding="UTF-8"?>
<!-- Generated by org.testng.reporters.JUnitXMLReporter -->
<testsuite hostname="DESKTOP-U5NLOOH" ignored="0" name="Command line test" tests="5" failures="2" timestamp="2021-10-27T00:11:16 IST" time="26.38" errors="0">
  <testcase name="verifySearchFunctionality" time="9.789" classname="TestWebAutomation.TestSearchFeature"/>
  <testcase name="verifySearchFunctionality" time="2.765" classname="TestWebAutomation.TestSearchFeature">
    <failure type="java.lang.AssertionError" message="Product &amp;apos;Blouse&amp;apos; should not be in result for keyword &amp;apos;short&amp;apos;. expected [true] but found [false]">
      <![CDATA[java.lang.AssertionError: Product 'Blouse' should not be in result for keyword 'short'. expected [true] but found [false]
at TestWebAutomation.TestSearchFeature.verifySearchFunctionality(TestSearchFeature.java:42)
at java.util.ArrayList.forEach(ArrayList.java:1259)
... Removed 40 stack frames]]>
    </failure>
  </testcase> <!-- verifySearchFunctionality -->
  <testcase name="verifySearchFunctionality" time="2.757" classname="TestWebAutomation.TestSearchFeature"/>
  <testcase name="verifySearchFunctionality" time="2.918" classname="TestWebAutomation.TestSearchFeature">
    <failure type="java.lang.AssertionError" message="Product &amp;apos;Faded Short Sleeves T-shirt&amp;apos; should not be in result for keyword &amp;apos;printed dress&amp;apos;. expected [true] but found [false]">
      <![CDATA[java.lang.AssertionError: Product 'Faded Short Sleeves T-shirt' should not be in result for keyword 'printed dress'. expected [true] but found [false]
at TestWebAutomation.TestSearchFeature.verifySearchFunctionality(TestSearchFeature.java:42)
at java.util.ArrayList.forEach(ArrayList.java:1259)
... Removed 40 stack frames]]>
    </failure>
  </testcase> <!-- verifySearchFunctionality -->
  <testcase name="verifySearchFunctionality" time="2.667" classname="TestWebAutomation.TestSearchFeature"/>
</testsuite> <!-- Command line test -->
