<?xml version="1.0" encoding="UTF-8" ?>
<testsuite tests="6" failures="2" name="TestSuite" time="19.376" errors="0" skipped="0">
  <properties>
[...]
</properties>
  <testcase classname="TestWebAutomation.TestSearchFeature" name="verifySearchFunctionality" time="7.969"/>
  <testcase classname="TestWebAutomation.TestSearchFeature" name="verifySearchFunctionality" time="3.592">
    <failure message="Product &apos;Blouse&apos; should not be in result for keyword &apos;short&apos;. expected [true] but found [false]" type="java.lang.AssertionError">java.lang.AssertionError: Product &apos;Blouse&apos; should not be in result for keyword &apos;short&apos;. expected [true] but found [false]
	at org.testng.Assert.fail(Assert.java:99)
	at org.testng.Assert.failNotEquals(Assert.java:1037)
	at org.testng.Assert.assertTrue(Assert.java:45)
	at TestWebAutomation.TestSearchFeature.verifySearchFunctionality(TestSearchFeature.java:42)
</failure>
  </testcase>
  <testcase classname="TestWebAutomation.TestSearchFeature" name="verifySearchFunctionality" time="2.413"/>
  <testcase classname="TestWebAutomation.TestSearchFeature" name="verifySearchFunctionality" time="2.215">
    <failure message="Product &apos;Faded Short Sleeves T-shirt&apos; should not be in result for keyword &apos;printed dress&apos;. expected [true] but found [false]" type="java.lang.AssertionError">java.lang.AssertionError: Product &apos;Faded Short Sleeves T-shirt&apos; should not be in result for keyword &apos;printed dress&apos;. expected [true] but found [false]
	at org.testng.Assert.fail(Assert.java:99)
	at org.testng.Assert.failNotEquals(Assert.java:1037)
	at org.testng.Assert.assertTrue(Assert.java:45)
	at TestWebAutomation.TestSearchFeature.verifySearchFunctionality(TestSearchFeature.java:42)
</failure>
  </testcase>
  <testcase classname="TestWebAutomation.TestSearchFeature" name="verifySearchFunctionality" time="1.855"/>
  <testcase classname="TestWebAutomation.TestUploadFunctionalityUsingSendKeys" name="verifyUploadaFileFeature" time="1.332"/>
</testsuite>